<?xml version="1.0" encoding="UTF-8"?>
<testng-results ignored="0" total="2" passed="2" failed="0" skipped="0">
  <reporter-output>
  </reporter-output>
  <suite started-at="2025-07-19T10:12:39 IST" name="Suite" finished-at="2025-07-19T10:14:24 IST" duration-ms="105232">
    <groups>
    </groups>
    <test started-at="2025-07-19T10:12:39 IST" name="Test" finished-at="2025-07-19T10:14:24 IST" duration-ms="105232">
      <class name="amazon.IphonePrice">
        <test-method is-config="true" signature="setUp()[pri:0, instance:amazon.IphonePrice@3023df74]" started-at="2025-07-19T10:12:39 IST" name="setUp" finished-at="2025-07-19T10:13:11 IST" duration-ms="32762" status="PASS">
          <reporter-output>
          </reporter-output>
        </test-method> <!-- setUp -->
        <test-method signature="IphoneSearch()[pri:0, instance:amazon.IphonePrice@3023df74]" started-at="2025-07-19T10:13:11 IST" name="IphoneSearch" finished-at="2025-07-19T10:14:24 IST" duration-ms="72352" status="PASS">
          <reporter-output>
          </reporter-output>
        </test-method> <!-- IphoneSearch -->
        <test-method is-config="true" signature="tearDown()[pri:0, instance:amazon.IphonePrice@3023df74]" started-at="2025-07-19T10:14:24 IST" name="tearDown" finished-at="2025-07-19T10:14:24 IST" duration-ms="1" status="PASS">
          <reporter-output>
          </reporter-output>
        </test-method> <!-- tearDown -->
      </class> <!-- amazon.IphonePrice -->
      <class name="amazon.GalaxyPrice">
        <test-method is-config="true" signature="setUp()[pri:0, instance:amazon.GalaxyPrice@7f3b84b8]" started-at="2025-07-19T10:12:39 IST" name="setUp" finished-at="2025-07-19T10:13:09 IST" duration-ms="30381" status="PASS">
          <reporter-output>
          </reporter-output>
        </test-method> <!-- setUp -->
        <test-method signature="GalaxySearch()[pri:0, instance:amazon.GalaxyPrice@7f3b84b8]" started-at="2025-07-19T10:13:09 IST" name="GalaxySearch" finished-at="2025-07-19T10:14:21 IST" duration-ms="72005" status="PASS">
          <reporter-output>
          </reporter-output>
        </test-method> <!-- GalaxySearch -->
        <test-method is-config="true" signature="tearDown()[pri:0, instance:amazon.GalaxyPrice@7f3b84b8]" started-at="2025-07-19T10:14:21 IST" name="tearDown" finished-at="2025-07-19T10:14:23 IST" duration-ms="2318" status="PASS">
          <reporter-output>
          </reporter-output>
        </test-method> <!-- tearDown -->
      </class> <!-- amazon.GalaxyPrice -->
    </test> <!-- Test -->
  </suite> <!-- Suite -->
</testng-results>
